15:06:30.407 [Hotswap] DEBUG com.zaxxer.hikari.HikariConfig - oracle.orcl - configuration:
15:06:30.410 [Hotswap] DEBUG com.zaxxer.hikari.HikariConfig - allowPoolSuspension.............false
15:06:30.410 [Hotswap] DEBUG com.zaxxer.hikari.HikariConfig - autoCommit......................true
15:06:30.410 [Hotswap] DEBUG com.zaxxer.hikari.HikariConfig - catalog.........................none
15:06:30.410 [Hotswap] DEBUG com.zaxxer.hikari.HikariConfig - connectionInitSql...............none
15:06:30.410 [Hotswap] DEBUG com.zaxxer.hikari.HikariConfig - connectionTestQuery.............none
15:06:30.410 [Hotswap] DEBUG com.zaxxer.hikari.HikariConfig - connectionTimeout...............30000
15:06:30.410 [Hotswap] DEBUG com.zaxxer.hikari.HikariConfig - dataSource......................none
15:06:30.410 [Hotswap] DEBUG com.zaxxer.hikari.HikariConfig - dataSourceClassName............."oracle.jdbc.pool.OracleDataSource"
15:06:30.411 [Hotswap] DEBUG com.zaxxer.hikari.HikariConfig - dataSourceJNDI..................none
15:06:30.411 [Hotswap] DEBUG com.zaxxer.hikari.HikariConfig - dataSourceProperties............{user=clogic_user, url=jdbc:oracle:thin:@140.188.65.78:1521:orcl, password=<masked>}
15:06:30.411 [Hotswap] DEBUG com.zaxxer.hikari.HikariConfig - driverClassName.................none
15:06:30.411 [Hotswap] DEBUG com.zaxxer.hikari.HikariConfig - healthCheckProperties...........{}
15:06:30.411 [Hotswap] DEBUG com.zaxxer.hikari.HikariConfig - healthCheckRegistry.............none
15:06:30.411 [Hotswap] DEBUG com.zaxxer.hikari.HikariConfig - idleTimeout.....................600000
15:06:30.411 [Hotswap] DEBUG com.zaxxer.hikari.HikariConfig - initializationFailFast..........true
15:06:30.411 [Hotswap] DEBUG com.zaxxer.hikari.HikariConfig - initializationFailTimeout.......1
15:06:30.411 [Hotswap] DEBUG com.zaxxer.hikari.HikariConfig - isolateInternalQueries..........false
15:06:30.412 [Hotswap] DEBUG com.zaxxer.hikari.HikariConfig - jdbc4ConnectionTest.............false
15:06:30.412 [Hotswap] DEBUG com.zaxxer.hikari.HikariConfig - jdbcUrl.........................none
15:06:30.412 [Hotswap] DEBUG com.zaxxer.hikari.HikariConfig - leakDetectionThreshold..........0
15:06:30.412 [Hotswap] DEBUG com.zaxxer.hikari.HikariConfig - maxLifetime.....................1800000
15:06:30.412 [Hotswap] DEBUG com.zaxxer.hikari.HikariConfig - maximumPoolSize.................33
15:06:30.412 [Hotswap] DEBUG com.zaxxer.hikari.HikariConfig - metricRegistry..................none
15:06:30.412 [Hotswap] DEBUG com.zaxxer.hikari.HikariConfig - metricsTrackerFactory...........none
15:06:30.412 [Hotswap] DEBUG com.zaxxer.hikari.HikariConfig - minimumIdle.....................33
15:06:30.412 [Hotswap] DEBUG com.zaxxer.hikari.HikariConfig - password........................<masked>
15:06:30.412 [Hotswap] DEBUG com.zaxxer.hikari.HikariConfig - poolName........................"oracle.orcl"
15:06:30.413 [Hotswap] DEBUG com.zaxxer.hikari.HikariConfig - readOnly........................false
15:06:30.413 [Hotswap] DEBUG com.zaxxer.hikari.HikariConfig - registerMbeans..................false
15:06:30.413 [Hotswap] DEBUG com.zaxxer.hikari.HikariConfig - scheduledExecutor...............none
15:06:30.413 [Hotswap] DEBUG com.zaxxer.hikari.HikariConfig - scheduledExecutorService........internal
15:06:30.413 [Hotswap] DEBUG com.zaxxer.hikari.HikariConfig - schema..........................none
15:06:30.413 [Hotswap] DEBUG com.zaxxer.hikari.HikariConfig - threadFactory...................internal
15:06:30.413 [Hotswap] DEBUG com.zaxxer.hikari.HikariConfig - transactionIsolation............default
15:06:30.414 [Hotswap] DEBUG com.zaxxer.hikari.HikariConfig - username........................none
15:06:30.414 [Hotswap] DEBUG com.zaxxer.hikari.HikariConfig - validationTimeout...............5000
15:06:30.414 [Hotswap] INFO  com.zaxxer.hikari.HikariDataSource - oracle.orcl - Starting...
15:06:30.642 [Hotswap] DEBUG com.zaxxer.hikari.pool.HikariPool - oracle.orcl - Added connection oracle.jdbc.driver.T4CConnection@63072e28
15:06:30.643 [Hotswap] INFO  com.zaxxer.hikari.HikariDataSource - oracle.orcl - Start completed.
15:06:30.744 [oracle.orcl housekeeper] DEBUG com.zaxxer.hikari.pool.HikariPool - oracle.orcl - Pool stats (total=1, active=0, idle=1, waiting=0)
15:06:30.824 [oracle.orcl connection adder] DEBUG com.zaxxer.hikari.pool.HikariPool - oracle.orcl - Added connection oracle.jdbc.driver.T4CConnection@4f6aff15
15:06:30.919 [oracle.orcl connection adder] DEBUG com.zaxxer.hikari.pool.HikariPool - oracle.orcl - Added connection oracle.jdbc.driver.T4CConnection@e57f52e
15:06:30.991 [oracle.orcl connection adder] DEBUG com.zaxxer.hikari.pool.HikariPool - oracle.orcl - Added connection oracle.jdbc.driver.T4CConnection@3f13db9c
15:06:31.081 [oracle.orcl connection adder] DEBUG com.zaxxer.hikari.pool.HikariPool - oracle.orcl - Added connection oracle.jdbc.driver.T4CConnection@6e780a61
15:06:31.296 [oracle.orcl connection adder] DEBUG com.zaxxer.hikari.pool.HikariPool - oracle.orcl - Added connection oracle.jdbc.driver.T4CConnection@2031597d
15:06:31.375 [oracle.orcl connection adder] DEBUG com.zaxxer.hikari.pool.HikariPool - oracle.orcl - Added connection oracle.jdbc.driver.T4CConnection@6a3690a8
15:06:31.470 [oracle.orcl connection adder] DEBUG com.zaxxer.hikari.pool.HikariPool - oracle.orcl - Added connection oracle.jdbc.driver.T4CConnection@3caa51b9
15:06:31.560 [oracle.orcl connection adder] DEBUG com.zaxxer.hikari.pool.HikariPool - oracle.orcl - Added connection oracle.jdbc.driver.T4CConnection@3ba74979
15:06:31.591 [nio-worker-3-1] DEBUG io.netty.buffer.PoolThreadCache - Freed 2 thread-local buffer(s) from thread: nio-worker-3-1
15:06:31.593 [nio-worker-3-3] DEBUG io.netty.buffer.PoolThreadCache - Freed 2 thread-local buffer(s) from thread: nio-worker-3-3
15:06:31.596 [nio-worker-3-6] DEBUG io.netty.buffer.PoolThreadCache - Freed 3 thread-local buffer(s) from thread: nio-worker-3-6
15:06:31.650 [oracle.orcl connection adder] DEBUG com.zaxxer.hikari.pool.HikariPool - oracle.orcl - Added connection oracle.jdbc.driver.T4CConnection@139798e4
15:06:31.734 [oracle.orcl connection adder] DEBUG com.zaxxer.hikari.pool.HikariPool - oracle.orcl - Added connection oracle.jdbc.driver.T4CConnection@26b16acb
15:06:31.812 [oracle.orcl connection adder] DEBUG com.zaxxer.hikari.pool.HikariPool - oracle.orcl - Added connection oracle.jdbc.driver.T4CConnection@5d757aa
15:06:31.901 [oracle.orcl connection adder] DEBUG com.zaxxer.hikari.pool.HikariPool - oracle.orcl - Added connection oracle.jdbc.driver.T4CConnection@6f181bb8
15:06:31.997 [oracle.orcl connection adder] DEBUG com.zaxxer.hikari.pool.HikariPool - oracle.orcl - Added connection oracle.jdbc.driver.T4CConnection@3fdfa4f6
15:06:32.081 [oracle.orcl connection adder] DEBUG com.zaxxer.hikari.pool.HikariPool - oracle.orcl - Added connection oracle.jdbc.driver.T4CConnection@4403dc86
15:06:32.158 [Hotswap] DEBUG com.northgrum.App - config tree:
??? merge of system properties
 ??? args
  ??? C:\Research\trunk\research_ws\conf\application.dev.conf
   ??? C:\Research\trunk\research_ws\conf\application.conf
    ??? application.dev.conf @ file:/C:/Research/trunk/research_ws/conf/application.dev.conf
     ??? application.dev.conf @ file:/C:/Research/trunk/research_ws/target/classes/application.dev.conf
      ??? application.conf @ file:/C:/Research/trunk/research_ws/conf/application.conf
       ??? application.conf @ file:/C:/Research/trunk/research_ws/target/classes/application.conf
        ??? org/jooby/apitool/apitool.conf @ jar:file:/C:/Users/M34905/.m2/repository/org/jooby/jooby-apitool/1.3.0/jooby-apitool-1.3.0.jar!/org/jooby/apitool/apitool.conf
         ??? org/jooby/spi/server.conf @ jar:file:/C:/Users/M34905/.m2/repository/org/jooby/jooby-netty/1.3.0/jooby-netty-1.3.0.jar!/org/jooby/spi/server.conf
          ??? org/jooby/hbm/hbm.conf @ jar:file:/C:/Users/M34905/.m2/repository/org/jooby/jooby-hbm/1.3.0/jooby-hbm-1.3.0.jar!/org/jooby/hbm/hbm.conf
           ??? org/jooby/jdbc/jdbc.conf @ jar:file:/C:/Users/M34905/.m2/repository/org/jooby/jooby-jdbc/1.3.0/jooby-jdbc-1.3.0.jar!/org/jooby/jdbc/jdbc.conf
            ??? org/jooby/spi/server.conf @ jar:file:/C:/Users/M34905/.m2/repository/org/jooby/jooby-netty/1.3.0/jooby-netty-1.3.0.jar!/org/jooby/spi/server.conf
             ??? org/jooby/mime.properties @ jar:file:/C:/Users/M34905/.m2/repository/org/jooby/jooby/1.3.0/jooby-1.3.0.jar!/org/jooby/mime.properties
              ??? org/jooby/jooby.conf @ jar:file:/C:/Users/M34905/.m2/repository/org/jooby/jooby/1.3.0/jooby-1.3.0.jar!/org/jooby/jooby.conf: 1

15:06:32.163 [Hotswap] DEBUG org.jooby.spi.Server - netty.threads.boss(1)
15:06:32.164 [oracle.orcl connection adder] DEBUG com.zaxxer.hikari.pool.HikariPool - oracle.orcl - Added connection oracle.jdbc.driver.T4CConnection@50af63e5
15:06:32.166 [Hotswap] DEBUG io.netty.util.internal.logging.InternalLoggerFactory - Using SLF4J as the default logging framework
15:06:32.170 [Hotswap] DEBUG io.netty.channel.MultithreadEventLoopGroup - -Dio.netty.eventLoopThreads: 32
15:06:32.183 [Hotswap] DEBUG io.netty.channel.nio.NioEventLoop - -Dio.netty.noKeySetOptimization: false
15:06:32.183 [Hotswap] DEBUG io.netty.channel.nio.NioEventLoop - -Dio.netty.selectorAutoRebuildThreshold: 512
15:06:32.193 [Hotswap] DEBUG io.netty.util.internal.PlatformDependent - Platform: Windows
15:06:32.194 [Hotswap] DEBUG io.netty.util.internal.PlatformDependent0 - -Dio.netty.noUnsafe: false
15:06:32.194 [Hotswap] DEBUG io.netty.util.internal.PlatformDependent0 - Java version: 8
15:06:32.195 [Hotswap] DEBUG io.netty.util.internal.PlatformDependent0 - sun.misc.Unsafe.theUnsafe: available
15:06:32.196 [Hotswap] DEBUG io.netty.util.internal.PlatformDependent0 - sun.misc.Unsafe.copyMemory: available
15:06:32.197 [Hotswap] DEBUG io.netty.util.internal.PlatformDependent0 - java.nio.Buffer.address: available
15:06:32.198 [Hotswap] DEBUG io.netty.util.internal.PlatformDependent0 - direct buffer constructor: available
15:06:32.199 [Hotswap] DEBUG io.netty.util.internal.PlatformDependent0 - java.nio.Bits.unaligned: available, true
15:06:32.199 [Hotswap] DEBUG io.netty.util.internal.PlatformDependent0 - jdk.internal.misc.Unsafe.allocateUninitializedArray(int): unavailable prior to Java9
15:06:32.199 [Hotswap] DEBUG io.netty.util.internal.PlatformDependent0 - java.nio.DirectByteBuffer.<init>(long, int): available
15:06:32.200 [Hotswap] DEBUG io.netty.util.internal.PlatformDependent - sun.misc.Unsafe: available
15:06:32.201 [Hotswap] DEBUG io.netty.util.internal.PlatformDependent - -Dio.netty.tmpdir: C:\Users\M34905\AppData\Local\Temp\CL REQUEST Web Service
15:06:32.201 [Hotswap] DEBUG io.netty.util.internal.PlatformDependent - -Dio.netty.bitMode: 64 (sun.arch.data.model)
15:06:32.202 [Hotswap] DEBUG io.netty.util.internal.PlatformDependent - -Dio.netty.noPreferDirect: false
15:06:32.203 [Hotswap] DEBUG io.netty.util.internal.PlatformDependent - -Dio.netty.maxDirectMemory: 7570718720 bytes
15:06:32.203 [Hotswap] DEBUG io.netty.util.internal.PlatformDependent - -Dio.netty.uninitializedArrayAllocationThreshold: -1
15:06:32.204 [Hotswap] DEBUG io.netty.util.internal.CleanerJava6 - java.nio.ByteBuffer.cleaner(): available
15:06:32.213 [Hotswap] DEBUG io.netty.util.internal.PlatformDependent - org.jctools-core.MpscChunkedArrayQueue: available
15:06:32.220 [Hotswap] DEBUG org.jooby.spi.Server - netty.threads.worker(32)
15:06:32.249 [oracle.orcl connection adder] DEBUG com.zaxxer.hikari.pool.HikariPool - oracle.orcl - Added connection oracle.jdbc.driver.T4CConnection@4ffdd35
15:06:32.287 [Hotswap] DEBUG org.jooby.spi.Server - netty.options.SO_REUSEADDR(true)
15:06:32.287 [Hotswap] DEBUG org.jooby.spi.Server - netty.worker.options.SO_REUSEADDR(true)
15:06:32.295 [Hotswap] DEBUG io.netty.channel.DefaultChannelId - -Dio.netty.processId: 20388 (auto-detected)
15:06:32.297 [Hotswap] DEBUG io.netty.util.NetUtil - -Djava.net.preferIPv4Stack: false
15:06:32.297 [Hotswap] DEBUG io.netty.util.NetUtil - -Djava.net.preferIPv6Addresses: false
15:06:32.324 [Hotswap] DEBUG io.netty.util.NetUtil - Loopback interface: lo (Software Loopback Interface 1, 127.0.0.1)
15:06:32.325 [Hotswap] DEBUG io.netty.util.NetUtil - Failed to get SOMAXCONN from sysctl and file \proc\sys\net\core\somaxconn. Default: 200
15:06:32.338 [oracle.orcl connection adder] DEBUG com.zaxxer.hikari.pool.HikariPool - oracle.orcl - Added connection oracle.jdbc.driver.T4CConnection@7ceeef92
15:06:32.353 [Hotswap] DEBUG io.netty.channel.DefaultChannelId - -Dio.netty.machineId: c8:d9:d2:ff:fe:04:32:98 (auto-detected)
15:06:32.356 [Hotswap] DEBUG io.netty.util.internal.InternalThreadLocalMap - -Dio.netty.threadLocalMap.stringBuilder.initialSize: 1024
15:06:32.357 [Hotswap] DEBUG io.netty.util.internal.InternalThreadLocalMap - -Dio.netty.threadLocalMap.stringBuilder.maxSize: 4096
15:06:32.362 [Hotswap] DEBUG io.netty.util.ResourceLeakDetector - -Dio.netty.leakDetection.level: simple
15:06:32.362 [Hotswap] DEBUG io.netty.util.ResourceLeakDetector - -Dio.netty.leakDetection.targetRecords: 4
15:06:32.378 [Hotswap] DEBUG io.netty.buffer.PooledByteBufAllocator - -Dio.netty.allocator.numHeapArenas: 32
15:06:32.378 [Hotswap] DEBUG io.netty.buffer.PooledByteBufAllocator - -Dio.netty.allocator.numDirectArenas: 32
15:06:32.378 [Hotswap] DEBUG io.netty.buffer.PooledByteBufAllocator - -Dio.netty.allocator.pageSize: 8192
15:06:32.379 [Hotswap] DEBUG io.netty.buffer.PooledByteBufAllocator - -Dio.netty.allocator.maxOrder: 11
15:06:32.379 [Hotswap] DEBUG io.netty.buffer.PooledByteBufAllocator - -Dio.netty.allocator.chunkSize: 16777216
15:06:32.379 [Hotswap] DEBUG io.netty.buffer.PooledByteBufAllocator - -Dio.netty.allocator.tinyCacheSize: 512
15:06:32.379 [Hotswap] DEBUG io.netty.buffer.PooledByteBufAllocator - -Dio.netty.allocator.smallCacheSize: 256
15:06:32.379 [Hotswap] DEBUG io.netty.buffer.PooledByteBufAllocator - -Dio.netty.allocator.normalCacheSize: 64
15:06:32.379 [Hotswap] DEBUG io.netty.buffer.PooledByteBufAllocator - -Dio.netty.allocator.maxCachedBufferCapacity: 32768
15:06:32.379 [Hotswap] DEBUG io.netty.buffer.PooledByteBufAllocator - -Dio.netty.allocator.cacheTrimInterval: 8192
15:06:32.379 [Hotswap] DEBUG io.netty.buffer.PooledByteBufAllocator - -Dio.netty.allocator.useCacheForAllThreads: true
15:06:32.385 [Hotswap] DEBUG io.netty.buffer.ByteBufUtil - -Dio.netty.allocator.type: pooled
15:06:32.385 [Hotswap] DEBUG io.netty.buffer.ByteBufUtil - -Dio.netty.threadLocalDirectBufferSize: 0
15:06:32.385 [Hotswap] DEBUG io.netty.buffer.ByteBufUtil - -Dio.netty.maxThreadLocalCharBufferSize: 16384
15:06:32.409 [nio-boss-1-1] DEBUG org.jooby.spi.Server - [id: 0x21c84455] REGISTERED
15:06:32.412 [nio-boss-1-1] DEBUG org.jooby.spi.Server - [id: 0x21c84455] BIND: /0.0.0.0:80
15:06:32.413 [Hotswap] INFO  com.northgrum.App - [dev@netty]: Server started in 2397ms

  *    /**                        [*/*]     [*/*]    (/anonymous)
  GET  /list/CLRequestActive      [*/*]     [*/*]    (/anonymous)
  GET  /get/requestTag            [*/*]     [*/*]    (/anonymous)
  GET  /get/requestValue          [*/*]     [*/*]    (/anonymous)
  GET  /get/requestTagLevel2      [*/*]     [*/*]    (/anonymous)
  GET  /get/requestValueLevel2    [*/*]     [*/*]    (/anonymous)
  GET  /list/CLRequestChange      [*/*]     [*/*]    (/anonymous)
  POST /add/CLRequestActive       [*/*]     [*/*]    (/anonymous)
  POST /add/CLRequestChange       [*/*]     [*/*]    (/anonymous)
  POST /edit/CLRequestActive      [*/*]     [*/*]    (/anonymous)
  POST /edit/CLRequestChange      [*/*]     [*/*]    (/anonymous)
  POST /delete/CLRequestActive    [*/*]     [*/*]    (/anonymous)
  GET  /generate40xls             [*/*]     [*/*]    (/anonymous)
  GET  /swagger/swagger.json      [*/*]     [*/*]    (/anonymous)
  GET  /swagger/swagger.yml       [*/*]     [*/*]    (/anonymous)
  GET  /swagger/static/**         [*/*]     [*/*]    (/anonymous)
  GET  /swagger/static/**         [*/*]     [*/*]    (/anonymous)
  GET  /swagger                   [*/*]     [*/*]    (/anonymous)
  GET  /raml/api.raml             [*/*]     [*/*]    (/anonymous)
  GET  /raml/static/**            [*/*]     [*/*]    (/anonymous)
  GET  /raml                      [*/*]     [*/*]    (/anonymous)

listening on:
  http://localhost:80/

15:06:32.415 [nio-boss-1-1] DEBUG org.jooby.spi.Server - [id: 0x21c84455, L:/0:0:0:0:0:0:0:0:80] ACTIVE
15:06:32.423 [oracle.orcl connection adder] DEBUG com.zaxxer.hikari.pool.HikariPool - oracle.orcl - Added connection oracle.jdbc.driver.T4CConnection@42644154
15:06:32.512 [oracle.orcl connection adder] DEBUG com.zaxxer.hikari.pool.HikariPool - oracle.orcl - Added connection oracle.jdbc.driver.T4CConnection@602ee331
15:06:32.602 [oracle.orcl connection adder] DEBUG com.zaxxer.hikari.pool.HikariPool - oracle.orcl - Added connection oracle.jdbc.driver.T4CConnection@79f94e27
15:06:32.692 [oracle.orcl connection adder] DEBUG com.zaxxer.hikari.pool.HikariPool - oracle.orcl - Added connection oracle.jdbc.driver.T4CConnection@3da0f16b
15:06:32.782 [oracle.orcl connection adder] DEBUG com.zaxxer.hikari.pool.HikariPool - oracle.orcl - Added connection oracle.jdbc.driver.T4CConnection@29de5b5c
15:06:32.872 [oracle.orcl connection adder] DEBUG com.zaxxer.hikari.pool.HikariPool - oracle.orcl - Added connection oracle.jdbc.driver.T4CConnection@3c23bf22
15:06:32.967 [oracle.orcl connection adder] DEBUG com.zaxxer.hikari.pool.HikariPool - oracle.orcl - Added connection oracle.jdbc.driver.T4CConnection@509cffc6
15:06:33.057 [oracle.orcl connection adder] DEBUG com.zaxxer.hikari.pool.HikariPool - oracle.orcl - Added connection oracle.jdbc.driver.T4CConnection@662b4e09
15:06:33.153 [oracle.orcl connection adder] DEBUG com.zaxxer.hikari.pool.HikariPool - oracle.orcl - Added connection oracle.jdbc.driver.T4CConnection@40a6217b
15:06:33.249 [oracle.orcl connection adder] DEBUG com.zaxxer.hikari.pool.HikariPool - oracle.orcl - Added connection oracle.jdbc.driver.T4CConnection@3acc6c88
15:06:33.345 [oracle.orcl connection adder] DEBUG com.zaxxer.hikari.pool.HikariPool - oracle.orcl - Added connection oracle.jdbc.driver.T4CConnection@209ca095
15:06:33.447 [oracle.orcl connection adder] DEBUG com.zaxxer.hikari.pool.HikariPool - oracle.orcl - Added connection oracle.jdbc.driver.T4CConnection@2613af2d
15:06:33.543 [oracle.orcl connection adder] DEBUG com.zaxxer.hikari.pool.HikariPool - oracle.orcl - Added connection oracle.jdbc.driver.T4CConnection@35a98255
15:06:33.638 [oracle.orcl connection adder] DEBUG com.zaxxer.hikari.pool.HikariPool - oracle.orcl - Added connection oracle.jdbc.driver.T4CConnection@60d76f93
15:06:33.734 [oracle.orcl connection adder] DEBUG com.zaxxer.hikari.pool.HikariPool - oracle.orcl - Added connection oracle.jdbc.driver.T4CConnection@49575a8e
15:06:33.735 [oracle.orcl connection adder] DEBUG com.zaxxer.hikari.pool.HikariPool - oracle.orcl - After adding stats (total=33, active=0, idle=33, waiting=0)
15:06:33.900 [nio-worker-3-4] DEBUG io.netty.buffer.PoolThreadCache - Freed 3 thread-local buffer(s) from thread: nio-worker-3-4
15:06:33.900 [nio-worker-3-2] DEBUG io.netty.buffer.PoolThreadCache - Freed 3 thread-local buffer(s) from thread: nio-worker-3-2
15:06:33.899 [nio-worker-3-5] DEBUG io.netty.buffer.PoolThreadCache - Freed 2 thread-local buffer(s) from thread: nio-worker-3-5
15:07:00.748 [oracle.orcl housekeeper] DEBUG com.zaxxer.hikari.pool.HikariPool - oracle.orcl - Pool stats (total=33, active=0, idle=33, waiting=0)
15:07:30.750 [oracle.orcl housekeeper] DEBUG com.zaxxer.hikari.pool.HikariPool - oracle.orcl - Pool stats (total=33, active=0, idle=33, waiting=0)
15:08:00.750 [oracle.orcl housekeeper] DEBUG com.zaxxer.hikari.pool.HikariPool - oracle.orcl - Pool stats (total=33, active=0, idle=33, waiting=0)
15:08:30.752 [oracle.orcl housekeeper] DEBUG com.zaxxer.hikari.pool.HikariPool - oracle.orcl - Pool stats (total=33, active=0, idle=33, waiting=0)
15:09:00.754 [oracle.orcl housekeeper] DEBUG com.zaxxer.hikari.pool.HikariPool - oracle.orcl - Pool stats (total=33, active=0, idle=33, waiting=0)
15:09:30.755 [oracle.orcl housekeeper] DEBUG com.zaxxer.hikari.pool.HikariPool - oracle.orcl - Pool stats (total=33, active=0, idle=33, waiting=0)
15:10:00.757 [oracle.orcl housekeeper] DEBUG com.zaxxer.hikari.pool.HikariPool - oracle.orcl - Pool stats (total=33, active=0, idle=33, waiting=0)
15:10:30.759 [oracle.orcl housekeeper] DEBUG com.zaxxer.hikari.pool.HikariPool - oracle.orcl - Pool stats (total=33, active=0, idle=33, waiting=0)
15:11:00.760 [oracle.orcl housekeeper] DEBUG com.zaxxer.hikari.pool.HikariPool - oracle.orcl - Pool stats (total=33, active=0, idle=33, waiting=0)
15:11:30.761 [oracle.orcl housekeeper] DEBUG com.zaxxer.hikari.pool.HikariPool - oracle.orcl - Pool stats (total=33, active=0, idle=33, waiting=0)
15:12:00.762 [oracle.orcl housekeeper] DEBUG com.zaxxer.hikari.pool.HikariPool - oracle.orcl - Pool stats (total=33, active=0, idle=33, waiting=0)
15:12:30.764 [oracle.orcl housekeeper] DEBUG com.zaxxer.hikari.pool.HikariPool - oracle.orcl - Pool stats (total=33, active=0, idle=33, waiting=0)
15:13:00.766 [oracle.orcl housekeeper] DEBUG com.zaxxer.hikari.pool.HikariPool - oracle.orcl - Pool stats (total=33, active=0, idle=33, waiting=0)
